<?xml version="1.0" encoding="UTF-8"?>
<coverage generated="1419185460" clover="54970d34d27d4">
  <project timestamp="1419185460" name="atoum code coverage">
    <package name="atoumCodeCoverage">
      <file name="ArticleController.php" path="/home/laurent/www/tests/sf2-propel-atoum/src/Acme/DemoBundle/Controller/ArticleController.php">
        <line num="25" type="stmt" complexity="0" count="1" falsecount="0" truecount="0" signature="" testduration="0" testsuccess="0"/>
        <line num="26" type="stmt" complexity="0" count="1" falsecount="0" truecount="0" signature="" testduration="0" testsuccess="0"/>
        <line num="28" type="stmt" complexity="0" count="1" falsecount="0" truecount="0" signature="" testduration="0" testsuccess="0"/>
        <line num="39" type="stmt" complexity="0" count="0" falsecount="0" truecount="0" signature="" testduration="0" testsuccess="0"/>
        <line num="40" type="stmt" complexity="0" count="0" falsecount="0" truecount="0" signature="" testduration="0" testsuccess="0"/>
        <line num="44" type="stmt" complexity="0" count="0" falsecount="0" truecount="0" signature="" testduration="0" testsuccess="0"/>
        <line num="45" type="stmt" complexity="0" count="0" falsecount="0" truecount="0" signature="" testduration="0" testsuccess="0"/>
        <line num="48" type="stmt" complexity="0" count="0" falsecount="0" truecount="0" signature="" testduration="0" testsuccess="0"/>
        <line num="59" type="stmt" complexity="0" count="1" falsecount="0" truecount="0" signature="" testduration="0" testsuccess="0"/>
        <line num="60" type="stmt" complexity="0" count="1" falsecount="0" truecount="0" signature="" testduration="0" testsuccess="0"/>
        <line num="62" type="stmt" complexity="0" count="1" falsecount="0" truecount="0" signature="" testduration="0" testsuccess="0"/>
        <line num="63" type="stmt" complexity="0" count="1" falsecount="0" truecount="0" signature="" testduration="0" testsuccess="0"/>
        <line num="65" type="stmt" complexity="0" count="1" falsecount="0" truecount="0" signature="" testduration="0" testsuccess="0"/>
        <line num="66" type="stmt" complexity="0" count="1" falsecount="0" truecount="0" signature="" testduration="0" testsuccess="0"/>
        <line num="67" type="stmt" complexity="0" count="1" falsecount="0" truecount="0" signature="" testduration="0" testsuccess="0"/>
        <line num="69" type="stmt" complexity="0" count="1" falsecount="0" truecount="0" signature="" testduration="0" testsuccess="0"/>
        <line num="71" type="stmt" complexity="0" count="1" falsecount="0" truecount="0" signature="" testduration="0" testsuccess="0"/>
        <line num="72" type="stmt" complexity="0" count="0" falsecount="0" truecount="0" signature="" testduration="0" testsuccess="0"/>
        <line num="73" type="stmt" complexity="0" count="0" falsecount="0" truecount="0" signature="" testduration="0" testsuccess="0"/>
        <line num="74" type="stmt" complexity="0" count="0" falsecount="0" truecount="0" signature="" testduration="0" testsuccess="0"/>
        <line num="75" type="stmt" complexity="0" count="0" falsecount="0" truecount="0" signature="" testduration="0" testsuccess="0"/>
        <line num="78" type="stmt" complexity="0" count="1" falsecount="0" truecount="0" signature="" testduration="0" testsuccess="0"/>
        <line num="79" type="stmt" complexity="0" count="1" falsecount="0" truecount="0" signature="" testduration="0" testsuccess="0"/>
        <line num="81" type="stmt" complexity="0" count="1" falsecount="0" truecount="0" signature="" testduration="0" testsuccess="0"/>
        <line num="82" type="stmt" complexity="0" count="1" falsecount="0" truecount="0" signature="" testduration="0" testsuccess="0"/>
        <line num="83" type="stmt" complexity="0" count="1" falsecount="0" truecount="0" signature="" testduration="0" testsuccess="0"/>
        <line num="84" type="stmt" complexity="0" count="1" falsecount="0" truecount="0" signature="" testduration="0" testsuccess="0"/>
        <line num="85" type="stmt" complexity="0" count="1" falsecount="0" truecount="0" signature="" testduration="0" testsuccess="0"/>
        <class name="ArticleController">
          <metrics complexity="0" elements="28" coveredelements="19" conditionals="0" coveredconditionals="0" statements="28" coveredstatements="19" methods="3" coveredmethods="3" testduration="0" testfailures="0" testpasses="0" testruns="0"/>
        </class>
        <metrics complexity="0" elements="28" coveredelements="19" conditionals="0" coveredconditionals="0" statements="28" coveredstatements="19" methods="3" coveredmethods="1" testduration="0" testfailures="0" testpasses="0" testruns="0" classes="1" loc="28" ncloc="28"/>
      </file>
      <file name="Controller.php" path="/home/laurent/www/tests/sf2-propel-atoum/vendor/symfony/symfony/src/Symfony/Bundle/FrameworkBundle/Controller/Controller.php">
        <line num="51" type="stmt" complexity="0" count="0" falsecount="0" truecount="0" signature="" testduration="0" testsuccess="0"/>
        <line num="65" type="stmt" complexity="0" count="0" falsecount="0" truecount="0" signature="" testduration="0" testsuccess="0"/>
        <line num="66" type="stmt" complexity="0" count="0" falsecount="0" truecount="0" signature="" testduration="0" testsuccess="0"/>
        <line num="68" type="stmt" complexity="0" count="0" falsecount="0" truecount="0" signature="" testduration="0" testsuccess="0"/>
        <line num="81" type="stmt" complexity="0" count="0" falsecount="0" truecount="0" signature="" testduration="0" testsuccess="0"/>
        <line num="95" type="stmt" complexity="0" count="0" falsecount="0" truecount="0" signature="" testduration="0" testsuccess="0"/>
        <line num="96" type="stmt" complexity="0" count="1" falsecount="0" truecount="0" signature="" testduration="0" testsuccess="0"/>
        <line num="108" type="stmt" complexity="0" count="0" falsecount="0" truecount="0" signature="" testduration="0" testsuccess="0"/>
        <line num="109" type="stmt" complexity="0" count="0" falsecount="0" truecount="0" signature="" testduration="0" testsuccess="0"/>
        <line num="112" type="stmt" complexity="0" count="0" falsecount="0" truecount="0" signature="" testduration="0" testsuccess="0"/>
        <line num="113" type="stmt" complexity="0" count="0" falsecount="0" truecount="0" signature="" testduration="0" testsuccess="0"/>
        <line num="126" type="stmt" complexity="0" count="0" falsecount="0" truecount="0" signature="" testduration="0" testsuccess="0"/>
        <line num="127" type="stmt" complexity="0" count="0" falsecount="0" truecount="0" signature="" testduration="0" testsuccess="0"/>
        <line num="130" type="stmt" complexity="0" count="0" falsecount="0" truecount="0" signature="" testduration="0" testsuccess="0"/>
        <line num="145" type="stmt" complexity="0" count="0" falsecount="0" truecount="0" signature="" testduration="0" testsuccess="0"/>
        <line num="146" type="stmt" complexity="0" count="0" falsecount="0" truecount="0" signature="" testduration="0" testsuccess="0"/>
        <line num="148" type="stmt" complexity="0" count="0" falsecount="0" truecount="0" signature="" testduration="0" testsuccess="0"/>
        <line num="160" type="stmt" complexity="0" count="0" falsecount="0" truecount="0" signature="" testduration="0" testsuccess="0"/>
        <line num="174" type="stmt" complexity="0" count="1" falsecount="0" truecount="0" signature="" testduration="0" testsuccess="0"/>
        <line num="188" type="stmt" complexity="0" count="0" falsecount="0" truecount="0" signature="" testduration="0" testsuccess="0"/>
        <line num="190" type="stmt" complexity="0" count="0" falsecount="0" truecount="0" signature="" testduration="0" testsuccess="0"/>
        <line num="191" type="stmt" complexity="0" count="0" falsecount="0" truecount="0" signature="" testduration="0" testsuccess="0"/>
        <line num="192" type="stmt" complexity="0" count="0" falsecount="0" truecount="0" signature="" testduration="0" testsuccess="0"/>
        <line num="194" type="stmt" complexity="0" count="0" falsecount="0" truecount="0" signature="" testduration="0" testsuccess="0"/>
        <line num="195" type="stmt" complexity="0" count="0" falsecount="0" truecount="0" signature="" testduration="0" testsuccess="0"/>
        <line num="198" type="stmt" complexity="0" count="0" falsecount="0" truecount="0" signature="" testduration="0" testsuccess="0"/>
        <line num="200" type="stmt" complexity="0" count="0" falsecount="0" truecount="0" signature="" testduration="0" testsuccess="0"/>
        <line num="217" type="stmt" complexity="0" count="0" falsecount="0" truecount="0" signature="" testduration="0" testsuccess="0"/>
        <line num="234" type="stmt" complexity="0" count="0" falsecount="0" truecount="0" signature="" testduration="0" testsuccess="0"/>
        <line num="248" type="stmt" complexity="0" count="0" falsecount="0" truecount="0" signature="" testduration="0" testsuccess="0"/>
        <line num="261" type="stmt" complexity="0" count="0" falsecount="0" truecount="0" signature="" testduration="0" testsuccess="0"/>
        <line num="275" type="stmt" complexity="0" count="0" falsecount="0" truecount="0" signature="" testduration="0" testsuccess="0"/>
        <line num="287" type="stmt" complexity="0" count="0" falsecount="0" truecount="0" signature="" testduration="0" testsuccess="0"/>
        <line num="288" type="stmt" complexity="0" count="0" falsecount="0" truecount="0" signature="" testduration="0" testsuccess="0"/>
        <line num="291" type="stmt" complexity="0" count="0" falsecount="0" truecount="0" signature="" testduration="0" testsuccess="0"/>
        <line num="305" type="stmt" complexity="0" count="0" falsecount="0" truecount="0" signature="" testduration="0" testsuccess="0"/>
        <line num="306" type="stmt" complexity="0" count="0" falsecount="0" truecount="0" signature="" testduration="0" testsuccess="0"/>
        <line num="309" type="stmt" complexity="0" count="0" falsecount="0" truecount="0" signature="" testduration="0" testsuccess="0"/>
        <line num="310" type="stmt" complexity="0" count="0" falsecount="0" truecount="0" signature="" testduration="0" testsuccess="0"/>
        <line num="313" type="stmt" complexity="0" count="0" falsecount="0" truecount="0" signature="" testduration="0" testsuccess="0"/>
        <line num="314" type="stmt" complexity="0" count="0" falsecount="0" truecount="0" signature="" testduration="0" testsuccess="0"/>
        <line num="317" type="stmt" complexity="0" count="0" falsecount="0" truecount="0" signature="" testduration="0" testsuccess="0"/>
        <line num="329" type="stmt" complexity="0" count="0" falsecount="0" truecount="0" signature="" testduration="0" testsuccess="0"/>
        <line num="341" type="stmt" complexity="0" count="1" falsecount="0" truecount="0" signature="" testduration="0" testsuccess="0"/>
        <line num="354" type="stmt" complexity="0" count="0" falsecount="0" truecount="0" signature="" testduration="0" testsuccess="0"/>
        <line num="355" type="stmt" complexity="0" count="0" falsecount="0" truecount="0" signature="" testduration="0" testsuccess="0"/>
        <line num="358" type="stmt" complexity="0" count="0" falsecount="0" truecount="0" signature="" testduration="0" testsuccess="0"/>
        <class name="Controller">
          <metrics complexity="0" elements="47" coveredelements="3" conditionals="0" coveredconditionals="0" statements="47" coveredstatements="3" methods="20" coveredmethods="20" testduration="0" testfailures="0" testpasses="0" testruns="0"/>
        </class>
        <metrics complexity="0" elements="47" coveredelements="3" conditionals="0" coveredconditionals="0" statements="47" coveredstatements="3" methods="20" coveredmethods="0" testduration="0" testfailures="0" testpasses="0" testruns="0" classes="1" loc="47" ncloc="47"/>
      </file>
      <file name="ContainerAware.php" path="/home/laurent/www/tests/sf2-propel-atoum/vendor/symfony/symfony/src/Symfony/Component/DependencyInjection/ContainerAware.php">
        <line num="39" type="stmt" complexity="0" count="1" falsecount="0" truecount="0" signature="" testduration="0" testsuccess="0"/>
        <line num="40" type="stmt" complexity="0" count="1" falsecount="0" truecount="0" signature="" testduration="0" testsuccess="0"/>
        <class name="ContainerAware">
          <metrics complexity="0" elements="2" coveredelements="2" conditionals="0" coveredconditionals="0" statements="2" coveredstatements="2" methods="1" coveredmethods="1" testduration="0" testfailures="0" testpasses="0" testruns="0"/>
        </class>
        <metrics complexity="0" elements="2" coveredelements="2" conditionals="0" coveredconditionals="0" statements="2" coveredstatements="2" methods="1" coveredmethods="1" testduration="0" testfailures="0" testpasses="0" testruns="0" classes="1" loc="2" ncloc="2"/>
      </file>
      <file name="ArticleType.php" path="/home/laurent/www/tests/sf2-propel-atoum/src/Acme/DemoBundle/Form/Type/ArticleType.php">
        <line num="34" type="stmt" complexity="0" count="0" falsecount="0" truecount="0" signature="" testduration="0" testsuccess="0"/>
        <line num="42" type="stmt" complexity="0" count="0" falsecount="0" truecount="0" signature="" testduration="0" testsuccess="0"/>
        <line num="43" type="stmt" complexity="0" count="0" falsecount="0" truecount="0" signature="" testduration="0" testsuccess="0"/>
        <line num="44" type="stmt" complexity="0" count="0" falsecount="0" truecount="0" signature="" testduration="0" testsuccess="0"/>
        <line num="46" type="stmt" complexity="0" count="0" falsecount="0" truecount="0" signature="" testduration="0" testsuccess="0"/>
        <line num="47" type="stmt" complexity="0" count="0" falsecount="0" truecount="0" signature="" testduration="0" testsuccess="0"/>
        <line num="49" type="stmt" complexity="0" count="0" falsecount="0" truecount="0" signature="" testduration="0" testsuccess="0"/>
        <line num="50" type="stmt" complexity="0" count="0" falsecount="0" truecount="0" signature="" testduration="0" testsuccess="0"/>
        <line num="52" type="stmt" complexity="0" count="0" falsecount="0" truecount="0" signature="" testduration="0" testsuccess="0"/>
        <line num="53" type="stmt" complexity="0" count="0" falsecount="0" truecount="0" signature="" testduration="0" testsuccess="0"/>
        <line num="54" type="stmt" complexity="0" count="0" falsecount="0" truecount="0" signature="" testduration="0" testsuccess="0"/>
        <line num="55" type="stmt" complexity="0" count="0" falsecount="0" truecount="0" signature="" testduration="0" testsuccess="0"/>
        <line num="57" type="stmt" complexity="0" count="0" falsecount="0" truecount="0" signature="" testduration="0" testsuccess="0"/>
        <line num="58" type="stmt" complexity="0" count="0" falsecount="0" truecount="0" signature="" testduration="0" testsuccess="0"/>
        <line num="60" type="stmt" complexity="0" count="0" falsecount="0" truecount="0" signature="" testduration="0" testsuccess="0"/>
        <line num="61" type="stmt" complexity="0" count="0" falsecount="0" truecount="0" signature="" testduration="0" testsuccess="0"/>
        <line num="63" type="stmt" complexity="0" count="0" falsecount="0" truecount="0" signature="" testduration="0" testsuccess="0"/>
        <line num="64" type="stmt" complexity="0" count="0" falsecount="0" truecount="0" signature="" testduration="0" testsuccess="0"/>
        <line num="65" type="stmt" complexity="0" count="0" falsecount="0" truecount="0" signature="" testduration="0" testsuccess="0"/>
        <line num="66" type="stmt" complexity="0" count="0" falsecount="0" truecount="0" signature="" testduration="0" testsuccess="0"/>
        <line num="68" type="stmt" complexity="0" count="0" falsecount="0" truecount="0" signature="" testduration="0" testsuccess="0"/>
        <line num="69" type="stmt" complexity="0" count="0" falsecount="0" truecount="0" signature="" testduration="0" testsuccess="0"/>
        <line num="71" type="stmt" complexity="0" count="0" falsecount="0" truecount="0" signature="" testduration="0" testsuccess="0"/>
        <line num="72" type="stmt" complexity="0" count="0" falsecount="0" truecount="0" signature="" testduration="0" testsuccess="0"/>
        <line num="74" type="stmt" complexity="0" count="0" falsecount="0" truecount="0" signature="" testduration="0" testsuccess="0"/>
        <line num="76" type="stmt" complexity="0" count="0" falsecount="0" truecount="0" signature="" testduration="0" testsuccess="0"/>
        <line num="77" type="stmt" complexity="0" count="0" falsecount="0" truecount="0" signature="" testduration="0" testsuccess="0"/>
        <line num="78" type="stmt" complexity="0" count="0" falsecount="0" truecount="0" signature="" testduration="0" testsuccess="0"/>
        <line num="80" type="stmt" complexity="0" count="0" falsecount="0" truecount="0" signature="" testduration="0" testsuccess="0"/>
        <line num="81" type="stmt" complexity="0" count="0" falsecount="0" truecount="0" signature="" testduration="0" testsuccess="0"/>
        <line num="83" type="stmt" complexity="0" count="0" falsecount="0" truecount="0" signature="" testduration="0" testsuccess="0"/>
        <line num="85" type="stmt" complexity="0" count="0" falsecount="0" truecount="0" signature="" testduration="0" testsuccess="0"/>
        <line num="87" type="stmt" complexity="0" count="0" falsecount="0" truecount="0" signature="" testduration="0" testsuccess="0"/>
        <line num="95" type="stmt" complexity="0" count="0" falsecount="0" truecount="0" signature="" testduration="0" testsuccess="0"/>
        <line num="97" type="stmt" complexity="0" count="0" falsecount="0" truecount="0" signature="" testduration="0" testsuccess="0"/>
        <line num="98" type="stmt" complexity="0" count="0" falsecount="0" truecount="0" signature="" testduration="0" testsuccess="0"/>
        <line num="99" type="stmt" complexity="0" count="0" falsecount="0" truecount="0" signature="" testduration="0" testsuccess="0"/>
        <line num="100" type="stmt" complexity="0" count="0" falsecount="0" truecount="0" signature="" testduration="0" testsuccess="0"/>
        <line num="102" type="stmt" complexity="0" count="0" falsecount="0" truecount="0" signature="" testduration="0" testsuccess="0"/>
        <line num="103" type="stmt" complexity="0" count="0" falsecount="0" truecount="0" signature="" testduration="0" testsuccess="0"/>
        <line num="111" type="stmt" complexity="0" count="0" falsecount="0" truecount="0" signature="" testduration="0" testsuccess="0"/>
        <class name="ArticleType">
          <metrics complexity="0" elements="41" coveredelements="0" conditionals="0" coveredconditionals="0" statements="41" coveredstatements="0" methods="4" coveredmethods="4" testduration="0" testfailures="0" testpasses="0" testruns="0"/>
        </class>
        <metrics complexity="0" elements="41" coveredelements="0" conditionals="0" coveredconditionals="0" statements="41" coveredstatements="0" methods="4" coveredmethods="0" testduration="0" testfailures="0" testpasses="0" testruns="0" classes="1" loc="41" ncloc="41"/>
      </file>
      <file name="AbstractType.php" path="/home/laurent/www/tests/sf2-propel-atoum/vendor/symfony/symfony/src/Symfony/Component/Form/AbstractType.php">
        <line num="33" type="stmt" complexity="0" count="0" falsecount="0" truecount="0" signature="" testduration="0" testsuccess="0"/>
        <line num="40" type="stmt" complexity="0" count="0" falsecount="0" truecount="0" signature="" testduration="0" testsuccess="0"/>
        <line num="54" type="stmt" complexity="0" count="0" falsecount="0" truecount="0" signature="" testduration="0" testsuccess="0"/>
        <class name="AbstractType">
          <metrics complexity="0" elements="3" coveredelements="0" conditionals="0" coveredconditionals="0" statements="3" coveredstatements="0" methods="3" coveredmethods="3" testduration="0" testfailures="0" testpasses="0" testruns="0"/>
        </class>
        <metrics complexity="0" elements="3" coveredelements="0" conditionals="0" coveredconditionals="0" statements="3" coveredstatements="0" methods="3" coveredmethods="0" testduration="0" testfailures="0" testpasses="0" testruns="0" classes="1" loc="3" ncloc="3"/>
      </file>
      <file name="ArticleManager.php" path="/home/laurent/www/tests/sf2-propel-atoum/src/Acme/DemoBundle/Manager/ArticleManager.php">
        <line num="27" type="stmt" complexity="0" count="1" falsecount="0" truecount="0" signature="" testduration="0" testsuccess="0"/>
        <line num="28" type="stmt" complexity="0" count="1" falsecount="0" truecount="0" signature="" testduration="0" testsuccess="0"/>
        <class name="ArticleManager">
          <metrics complexity="0" elements="2" coveredelements="2" conditionals="0" coveredconditionals="0" statements="2" coveredstatements="2" methods="1" coveredmethods="1" testduration="0" testfailures="0" testpasses="0" testruns="0"/>
        </class>
        <metrics complexity="0" elements="2" coveredelements="2" conditionals="0" coveredconditionals="0" statements="2" coveredstatements="2" methods="1" coveredmethods="1" testduration="0" testfailures="0" testpasses="0" testruns="0" classes="1" loc="2" ncloc="2"/>
      </file>
      <file name="BaseManager.php" path="/home/laurent/www/tests/sf2-propel-atoum/src/Acme/DemoBundle/Manager/BaseManager.php">
        <line num="31" type="stmt" complexity="0" count="1" falsecount="0" truecount="0" signature="" testduration="0" testsuccess="0"/>
        <line num="32" type="stmt" complexity="0" count="1" falsecount="0" truecount="0" signature="" testduration="0" testsuccess="0"/>
        <line num="40" type="stmt" complexity="0" count="0" falsecount="0" truecount="0" signature="" testduration="0" testsuccess="0"/>
        <line num="42" type="stmt" complexity="0" count="0" falsecount="0" truecount="0" signature="" testduration="0" testsuccess="0"/>
        <line num="53" type="stmt" complexity="0" count="0" falsecount="0" truecount="0" signature="" testduration="0" testsuccess="0"/>
        <line num="64" type="stmt" complexity="0" count="0" falsecount="0" truecount="0" signature="" testduration="0" testsuccess="0"/>
        <line num="86" type="stmt" complexity="0" count="0" falsecount="0" truecount="0" signature="" testduration="0" testsuccess="0"/>
        <line num="89" type="stmt" complexity="0" count="0" falsecount="0" truecount="0" signature="" testduration="0" testsuccess="0"/>
        <line num="90" type="stmt" complexity="0" count="0" falsecount="0" truecount="0" signature="" testduration="0" testsuccess="0"/>
        <line num="91" type="stmt" complexity="0" count="0" falsecount="0" truecount="0" signature="" testduration="0" testsuccess="0"/>
        <line num="94" type="stmt" complexity="0" count="0" falsecount="0" truecount="0" signature="" testduration="0" testsuccess="0"/>
        <line num="95" type="stmt" complexity="0" count="0" falsecount="0" truecount="0" signature="" testduration="0" testsuccess="0"/>
        <line num="96" type="stmt" complexity="0" count="0" falsecount="0" truecount="0" signature="" testduration="0" testsuccess="0"/>
        <line num="97" type="stmt" complexity="0" count="0" falsecount="0" truecount="0" signature="" testduration="0" testsuccess="0"/>
        <line num="100" type="stmt" complexity="0" count="0" falsecount="0" truecount="0" signature="" testduration="0" testsuccess="0"/>
        <line num="111" type="stmt" complexity="0" count="0" falsecount="0" truecount="0" signature="" testduration="0" testsuccess="0"/>
        <line num="124" type="stmt" complexity="0" count="0" falsecount="0" truecount="0" signature="" testduration="0" testsuccess="0"/>
        <line num="126" type="stmt" complexity="0" count="0" falsecount="0" truecount="0" signature="" testduration="0" testsuccess="0"/>
        <line num="127" type="stmt" complexity="0" count="0" falsecount="0" truecount="0" signature="" testduration="0" testsuccess="0"/>
        <line num="128" type="stmt" complexity="0" count="0" falsecount="0" truecount="0" signature="" testduration="0" testsuccess="0"/>
        <line num="129" type="stmt" complexity="0" count="0" falsecount="0" truecount="0" signature="" testduration="0" testsuccess="0"/>
        <line num="131" type="stmt" complexity="0" count="0" falsecount="0" truecount="0" signature="" testduration="0" testsuccess="0"/>
        <line num="132" type="stmt" complexity="0" count="0" falsecount="0" truecount="0" signature="" testduration="0" testsuccess="0"/>
        <line num="133" type="stmt" complexity="0" count="0" falsecount="0" truecount="0" signature="" testduration="0" testsuccess="0"/>
        <line num="134" type="stmt" complexity="0" count="0" falsecount="0" truecount="0" signature="" testduration="0" testsuccess="0"/>
        <line num="135" type="stmt" complexity="0" count="0" falsecount="0" truecount="0" signature="" testduration="0" testsuccess="0"/>
        <line num="136" type="stmt" complexity="0" count="0" falsecount="0" truecount="0" signature="" testduration="0" testsuccess="0"/>
        <line num="137" type="stmt" complexity="0" count="0" falsecount="0" truecount="0" signature="" testduration="0" testsuccess="0"/>
        <line num="138" type="stmt" complexity="0" count="0" falsecount="0" truecount="0" signature="" testduration="0" testsuccess="0"/>
        <line num="139" type="stmt" complexity="0" count="0" falsecount="0" truecount="0" signature="" testduration="0" testsuccess="0"/>
        <line num="141" type="stmt" complexity="0" count="0" falsecount="0" truecount="0" signature="" testduration="0" testsuccess="0"/>
        <line num="142" type="stmt" complexity="0" count="0" falsecount="0" truecount="0" signature="" testduration="0" testsuccess="0"/>
        <line num="144" type="stmt" complexity="0" count="0" falsecount="0" truecount="0" signature="" testduration="0" testsuccess="0"/>
        <line num="145" type="stmt" complexity="0" count="0" falsecount="0" truecount="0" signature="" testduration="0" testsuccess="0"/>
        <line num="146" type="stmt" complexity="0" count="0" falsecount="0" truecount="0" signature="" testduration="0" testsuccess="0"/>
        <line num="147" type="stmt" complexity="0" count="0" falsecount="0" truecount="0" signature="" testduration="0" testsuccess="0"/>
        <line num="148" type="stmt" complexity="0" count="0" falsecount="0" truecount="0" signature="" testduration="0" testsuccess="0"/>
        <line num="150" type="stmt" complexity="0" count="0" falsecount="0" truecount="0" signature="" testduration="0" testsuccess="0"/>
        <line num="152" type="stmt" complexity="0" count="0" falsecount="0" truecount="0" signature="" testduration="0" testsuccess="0"/>
        <line num="180" type="stmt" complexity="0" count="0" falsecount="0" truecount="0" signature="" testduration="0" testsuccess="0"/>
        <line num="182" type="stmt" complexity="0" count="0" falsecount="0" truecount="0" signature="" testduration="0" testsuccess="0"/>
        <line num="184" type="stmt" complexity="0" count="0" falsecount="0" truecount="0" signature="" testduration="0" testsuccess="0"/>
        <line num="185" type="stmt" complexity="0" count="0" falsecount="0" truecount="0" signature="" testduration="0" testsuccess="0"/>
        <line num="187" type="stmt" complexity="0" count="0" falsecount="0" truecount="0" signature="" testduration="0" testsuccess="0"/>
        <line num="188" type="stmt" complexity="0" count="0" falsecount="0" truecount="0" signature="" testduration="0" testsuccess="0"/>
        <line num="190" type="stmt" complexity="0" count="0" falsecount="0" truecount="0" signature="" testduration="0" testsuccess="0"/>
        <line num="191" type="stmt" complexity="0" count="0" falsecount="0" truecount="0" signature="" testduration="0" testsuccess="0"/>
        <line num="192" type="stmt" complexity="0" count="0" falsecount="0" truecount="0" signature="" testduration="0" testsuccess="0"/>
        <line num="193" type="stmt" complexity="0" count="0" falsecount="0" truecount="0" signature="" testduration="0" testsuccess="0"/>
        <line num="195" type="stmt" complexity="0" count="0" falsecount="0" truecount="0" signature="" testduration="0" testsuccess="0"/>
        <line num="197" type="stmt" complexity="0" count="0" falsecount="0" truecount="0" signature="" testduration="0" testsuccess="0"/>
        <line num="198" type="stmt" complexity="0" count="0" falsecount="0" truecount="0" signature="" testduration="0" testsuccess="0"/>
        <line num="199" type="stmt" complexity="0" count="0" falsecount="0" truecount="0" signature="" testduration="0" testsuccess="0"/>
        <line num="200" type="stmt" complexity="0" count="0" falsecount="0" truecount="0" signature="" testduration="0" testsuccess="0"/>
        <line num="201" type="stmt" complexity="0" count="0" falsecount="0" truecount="0" signature="" testduration="0" testsuccess="0"/>
        <line num="202" type="stmt" complexity="0" count="0" falsecount="0" truecount="0" signature="" testduration="0" testsuccess="0"/>
        <line num="203" type="stmt" complexity="0" count="0" falsecount="0" truecount="0" signature="" testduration="0" testsuccess="0"/>
        <line num="204" type="stmt" complexity="0" count="0" falsecount="0" truecount="0" signature="" testduration="0" testsuccess="0"/>
        <line num="205" type="stmt" complexity="0" count="0" falsecount="0" truecount="0" signature="" testduration="0" testsuccess="0"/>
        <line num="207" type="stmt" complexity="0" count="0" falsecount="0" truecount="0" signature="" testduration="0" testsuccess="0"/>
        <line num="208" type="stmt" complexity="0" count="0" falsecount="0" truecount="0" signature="" testduration="0" testsuccess="0"/>
        <line num="210" type="stmt" complexity="0" count="0" falsecount="0" truecount="0" signature="" testduration="0" testsuccess="0"/>
        <line num="211" type="stmt" complexity="0" count="0" falsecount="0" truecount="0" signature="" testduration="0" testsuccess="0"/>
        <line num="212" type="stmt" complexity="0" count="0" falsecount="0" truecount="0" signature="" testduration="0" testsuccess="0"/>
        <line num="213" type="stmt" complexity="0" count="0" falsecount="0" truecount="0" signature="" testduration="0" testsuccess="0"/>
        <line num="214" type="stmt" complexity="0" count="0" falsecount="0" truecount="0" signature="" testduration="0" testsuccess="0"/>
        <line num="218" type="stmt" complexity="0" count="0" falsecount="0" truecount="0" signature="" testduration="0" testsuccess="0"/>
        <line num="219" type="stmt" complexity="0" count="0" falsecount="0" truecount="0" signature="" testduration="0" testsuccess="0"/>
        <line num="220" type="stmt" complexity="0" count="0" falsecount="0" truecount="0" signature="" testduration="0" testsuccess="0"/>
        <line num="221" type="stmt" complexity="0" count="0" falsecount="0" truecount="0" signature="" testduration="0" testsuccess="0"/>
        <line num="222" type="stmt" complexity="0" count="0" falsecount="0" truecount="0" signature="" testduration="0" testsuccess="0"/>
        <line num="223" type="stmt" complexity="0" count="0" falsecount="0" truecount="0" signature="" testduration="0" testsuccess="0"/>
        <line num="224" type="stmt" complexity="0" count="0" falsecount="0" truecount="0" signature="" testduration="0" testsuccess="0"/>
        <line num="225" type="stmt" complexity="0" count="0" falsecount="0" truecount="0" signature="" testduration="0" testsuccess="0"/>
        <line num="226" type="stmt" complexity="0" count="0" falsecount="0" truecount="0" signature="" testduration="0" testsuccess="0"/>
        <line num="229" type="stmt" complexity="0" count="0" falsecount="0" truecount="0" signature="" testduration="0" testsuccess="0"/>
        <line num="230" type="stmt" complexity="0" count="0" falsecount="0" truecount="0" signature="" testduration="0" testsuccess="0"/>
        <line num="231" type="stmt" complexity="0" count="0" falsecount="0" truecount="0" signature="" testduration="0" testsuccess="0"/>
        <line num="232" type="stmt" complexity="0" count="0" falsecount="0" truecount="0" signature="" testduration="0" testsuccess="0"/>
        <line num="235" type="stmt" complexity="0" count="0" falsecount="0" truecount="0" signature="" testduration="0" testsuccess="0"/>
        <line num="251" type="stmt" complexity="0" count="0" falsecount="0" truecount="0" signature="" testduration="0" testsuccess="0"/>
        <line num="253" type="stmt" complexity="0" count="0" falsecount="0" truecount="0" signature="" testduration="0" testsuccess="0"/>
        <line num="254" type="stmt" complexity="0" count="0" falsecount="0" truecount="0" signature="" testduration="0" testsuccess="0"/>
        <line num="255" type="stmt" complexity="0" count="0" falsecount="0" truecount="0" signature="" testduration="0" testsuccess="0"/>
        <line num="256" type="stmt" complexity="0" count="0" falsecount="0" truecount="0" signature="" testduration="0" testsuccess="0"/>
        <line num="258" type="stmt" complexity="0" count="0" falsecount="0" truecount="0" signature="" testduration="0" testsuccess="0"/>
        <class name="BaseManager">
          <metrics complexity="0" elements="86" coveredelements="2" conditionals="0" coveredconditionals="0" statements="86" coveredstatements="2" methods="9" coveredmethods="9" testduration="0" testfailures="0" testpasses="0" testruns="0"/>
        </class>
        <metrics complexity="0" elements="86" coveredelements="2" conditionals="0" coveredconditionals="0" statements="86" coveredstatements="2" methods="9" coveredmethods="1" testduration="0" testfailures="0" testpasses="0" testruns="0" classes="1" loc="86" ncloc="86"/>
      </file>
      <file name="Article.php" path="/home/laurent/www/tests/sf2-propel-atoum/src/Acme/DemoBundle/Model/Article.php">
        <class name="Article">
          <metrics complexity="0" elements="0" coveredelements="0" conditionals="0" coveredconditionals="0" statements="0" coveredstatements="0" methods="0" coveredmethods="0" testduration="0" testfailures="0" testpasses="0" testruns="0"/>
        </class>
        <metrics complexity="0" elements="0" coveredelements="0" conditionals="0" coveredconditionals="0" statements="0" coveredstatements="0" methods="0" coveredmethods="0" testduration="0" testfailures="0" testpasses="0" testruns="0" classes="1" loc="0" ncloc="0"/>
      </file>
      <file name="BaseArticle.php" path="/home/laurent/www/tests/sf2-propel-atoum/src/Acme/DemoBundle/Model/om/BaseArticle.php">
        <line num="131" type="stmt" complexity="0" count="1" falsecount="0" truecount="0" signature="" testduration="0" testsuccess="0"/>
        <line num="132" type="stmt" complexity="0" count="1" falsecount="0" truecount="0" signature="" testduration="0" testsuccess="0"/>
        <line num="140" type="stmt" complexity="0" count="1" falsecount="0" truecount="0" signature="" testduration="0" testsuccess="0"/>
        <line num="141" type="stmt" complexity="0" count="1" falsecount="0" truecount="0" signature="" testduration="0" testsuccess="0"/>
        <line num="142" type="stmt" complexity="0" count="1" falsecount="0" truecount="0" signature="" testduration="0" testsuccess="0"/>
        <line num="152" type="stmt" complexity="0" count="0" falsecount="0" truecount="0" signature="" testduration="0" testsuccess="0"/>
        <line num="166" type="stmt" complexity="0" count="0" falsecount="0" truecount="0" signature="" testduration="0" testsuccess="0"/>
        <line num="167" type="stmt" complexity="0" count="0" falsecount="0" truecount="0" signature="" testduration="0" testsuccess="0"/>
        <line num="172" type="stmt" complexity="0" count="0" falsecount="0" truecount="0" signature="" testduration="0" testsuccess="0"/>
        <line num="173" type="stmt" complexity="0" count="0" falsecount="0" truecount="0" signature="" testduration="0" testsuccess="0"/>
        <line num="174" type="stmt" complexity="0" count="0" falsecount="0" truecount="0" signature="" testduration="0" testsuccess="0"/>
        <line num="177" type="stmt" complexity="0" count="0" falsecount="0" truecount="0" signature="" testduration="0" testsuccess="0"/>
        <line num="179" type="stmt" complexity="0" count="0" falsecount="0" truecount="0" signature="" testduration="0" testsuccess="0"/>
        <line num="182" type="stmt" complexity="0" count="0" falsecount="0" truecount="0" signature="" testduration="0" testsuccess="0"/>
        <line num="183" type="stmt" complexity="0" count="0" falsecount="0" truecount="0" signature="" testduration="0" testsuccess="0"/>
        <line num="186" type="stmt" complexity="0" count="0" falsecount="0" truecount="0" signature="" testduration="0" testsuccess="0"/>
        <line num="201" type="stmt" complexity="0" count="0" falsecount="0" truecount="0" signature="" testduration="0" testsuccess="0"/>
        <line num="202" type="stmt" complexity="0" count="0" falsecount="0" truecount="0" signature="" testduration="0" testsuccess="0"/>
        <line num="207" type="stmt" complexity="0" count="0" falsecount="0" truecount="0" signature="" testduration="0" testsuccess="0"/>
        <line num="208" type="stmt" complexity="0" count="0" falsecount="0" truecount="0" signature="" testduration="0" testsuccess="0"/>
        <line num="209" type="stmt" complexity="0" count="0" falsecount="0" truecount="0" signature="" testduration="0" testsuccess="0"/>
        <line num="212" type="stmt" complexity="0" count="0" falsecount="0" truecount="0" signature="" testduration="0" testsuccess="0"/>
        <line num="214" type="stmt" complexity="0" count="0" falsecount="0" truecount="0" signature="" testduration="0" testsuccess="0"/>
        <line num="217" type="stmt" complexity="0" count="0" falsecount="0" truecount="0" signature="" testduration="0" testsuccess="0"/>
        <line num="218" type="stmt" complexity="0" count="0" falsecount="0" truecount="0" signature="" testduration="0" testsuccess="0"/>
        <line num="221" type="stmt" complexity="0" count="0" falsecount="0" truecount="0" signature="" testduration="0" testsuccess="0"/>
        <line num="233" type="stmt" complexity="0" count="0" falsecount="0" truecount="0" signature="" testduration="0" testsuccess="0"/>
        <line num="244" type="stmt" complexity="0" count="0" falsecount="0" truecount="0" signature="" testduration="0" testsuccess="0"/>
        <line num="255" type="stmt" complexity="0" count="1" falsecount="0" truecount="0" signature="" testduration="0" testsuccess="0"/>
        <line num="266" type="stmt" complexity="0" count="0" falsecount="0" truecount="0" signature="" testduration="0" testsuccess="0"/>
        <line num="277" type="stmt" complexity="0" count="0" falsecount="0" truecount="0" signature="" testduration="0" testsuccess="0"/>
        <line num="288" type="stmt" complexity="0" count="0" falsecount="0" truecount="0" signature="" testduration="0" testsuccess="0"/>
        <line num="299" type="stmt" complexity="0" count="0" falsecount="0" truecount="0" signature="" testduration="0" testsuccess="0"/>
        <line num="300" type="stmt" complexity="0" count="0" falsecount="0" truecount="0" signature="" testduration="0" testsuccess="0"/>
        <line num="301" type="stmt" complexity="0" count="0" falsecount="0" truecount="0" signature="" testduration="0" testsuccess="0"/>
        <line num="303" type="stmt" complexity="0" count="0" falsecount="0" truecount="0" signature="" testduration="0" testsuccess="0"/>
        <line num="304" type="stmt" complexity="0" count="0" falsecount="0" truecount="0" signature="" testduration="0" testsuccess="0"/>
        <line num="305" type="stmt" complexity="0" count="0" falsecount="0" truecount="0" signature="" testduration="0" testsuccess="0"/>
        <line num="306" type="stmt" complexity="0" count="0" falsecount="0" truecount="0" signature="" testduration="0" testsuccess="0"/>
        <line num="309" type="stmt" complexity="0" count="0" falsecount="0" truecount="0" signature="" testduration="0" testsuccess="0"/>
        <line num="321" type="stmt" complexity="0" count="0" falsecount="0" truecount="0" signature="" testduration="0" testsuccess="0"/>
        <line num="322" type="stmt" complexity="0" count="0" falsecount="0" truecount="0" signature="" testduration="0" testsuccess="0"/>
        <line num="323" type="stmt" complexity="0" count="0" falsecount="0" truecount="0" signature="" testduration="0" testsuccess="0"/>
        <line num="324" type="stmt" complexity="0" count="0" falsecount="0" truecount="0" signature="" testduration="0" testsuccess="0"/>
        <line num="325" type="stmt" complexity="0" count="0" falsecount="0" truecount="0" signature="" testduration="0" testsuccess="0"/>
        <line num="326" type="stmt" complexity="0" count="0" falsecount="0" truecount="0" signature="" testduration="0" testsuccess="0"/>
        <line num="327" type="stmt" complexity="0" count="0" falsecount="0" truecount="0" signature="" testduration="0" testsuccess="0"/>
        <line num="328" type="stmt" complexity="0" count="0" falsecount="0" truecount="0" signature="" testduration="0" testsuccess="0"/>
        <line num="329" type="stmt" complexity="0" count="0" falsecount="0" truecount="0" signature="" testduration="0" testsuccess="0"/>
        <line num="332" type="stmt" complexity="0" count="0" falsecount="0" truecount="0" signature="" testduration="0" testsuccess="0"/>
        <line num="344" type="stmt" complexity="0" count="0" falsecount="0" truecount="0" signature="" testduration="0" testsuccess="0"/>
        <line num="345" type="stmt" complexity="0" count="0" falsecount="0" truecount="0" signature="" testduration="0" testsuccess="0"/>
        <line num="346" type="stmt" complexity="0" count="0" falsecount="0" truecount="0" signature="" testduration="0" testsuccess="0"/>
        <line num="347" type="stmt" complexity="0" count="0" falsecount="0" truecount="0" signature="" testduration="0" testsuccess="0"/>
        <line num="348" type="stmt" complexity="0" count="0" falsecount="0" truecount="0" signature="" testduration="0" testsuccess="0"/>
        <line num="349" type="stmt" complexity="0" count="0" falsecount="0" truecount="0" signature="" testduration="0" testsuccess="0"/>
        <line num="350" type="stmt" complexity="0" count="0" falsecount="0" truecount="0" signature="" testduration="0" testsuccess="0"/>
        <line num="351" type="stmt" complexity="0" count="0" falsecount="0" truecount="0" signature="" testduration="0" testsuccess="0"/>
        <line num="352" type="stmt" complexity="0" count="0" falsecount="0" truecount="0" signature="" testduration="0" testsuccess="0"/>
        <line num="355" type="stmt" complexity="0" count="0" falsecount="0" truecount="0" signature="" testduration="0" testsuccess="0"/>
        <line num="366" type="stmt" complexity="0" count="0" falsecount="0" truecount="0" signature="" testduration="0" testsuccess="0"/>
        <line num="367" type="stmt" complexity="0" count="0" falsecount="0" truecount="0" signature="" testduration="0" testsuccess="0"/>
        <line num="368" type="stmt" complexity="0" count="0" falsecount="0" truecount="0" signature="" testduration="0" testsuccess="0"/>
        <line num="370" type="stmt" complexity="0" count="0" falsecount="0" truecount="0" signature="" testduration="0" testsuccess="0"/>
        <line num="371" type="stmt" complexity="0" count="0" falsecount="0" truecount="0" signature="" testduration="0" testsuccess="0"/>
        <line num="372" type="stmt" complexity="0" count="0" falsecount="0" truecount="0" signature="" testduration="0" testsuccess="0"/>
        <line num="373" type="stmt" complexity="0" count="0" falsecount="0" truecount="0" signature="" testduration="0" testsuccess="0"/>
        <line num="375" type="stmt" complexity="0" count="0" falsecount="0" truecount="0" signature="" testduration="0" testsuccess="0"/>
        <line num="376" type="stmt" complexity="0" count="0" falsecount="0" truecount="0" signature="" testduration="0" testsuccess="0"/>
        <line num="377" type="stmt" complexity="0" count="0" falsecount="0" truecount="0" signature="" testduration="0" testsuccess="0"/>
        <line num="380" type="stmt" complexity="0" count="0" falsecount="0" truecount="0" signature="" testduration="0" testsuccess="0"/>
        <line num="391" type="stmt" complexity="0" count="0" falsecount="0" truecount="0" signature="" testduration="0" testsuccess="0"/>
        <line num="392" type="stmt" complexity="0" count="0" falsecount="0" truecount="0" signature="" testduration="0" testsuccess="0"/>
        <line num="393" type="stmt" complexity="0" count="0" falsecount="0" truecount="0" signature="" testduration="0" testsuccess="0"/>
        <line num="395" type="stmt" complexity="0" count="0" falsecount="0" truecount="0" signature="" testduration="0" testsuccess="0"/>
        <line num="396" type="stmt" complexity="0" count="0" falsecount="0" truecount="0" signature="" testduration="0" testsuccess="0"/>
        <line num="397" type="stmt" complexity="0" count="0" falsecount="0" truecount="0" signature="" testduration="0" testsuccess="0"/>
        <line num="398" type="stmt" complexity="0" count="0" falsecount="0" truecount="0" signature="" testduration="0" testsuccess="0"/>
        <line num="401" type="stmt" complexity="0" count="0" falsecount="0" truecount="0" signature="" testduration="0" testsuccess="0"/>
        <line num="412" type="stmt" complexity="0" count="1" falsecount="0" truecount="0" signature="" testduration="0" testsuccess="0"/>
        <line num="413" type="stmt" complexity="0" count="1" falsecount="0" truecount="0" signature="" testduration="0" testsuccess="0"/>
        <line num="414" type="stmt" complexity="0" count="1" falsecount="0" truecount="0" signature="" testduration="0" testsuccess="0"/>
        <line num="416" type="stmt" complexity="0" count="1" falsecount="0" truecount="0" signature="" testduration="0" testsuccess="0"/>
        <line num="417" type="stmt" complexity="0" count="1" falsecount="0" truecount="0" signature="" testduration="0" testsuccess="0"/>
        <line num="418" type="stmt" complexity="0" count="1" falsecount="0" truecount="0" signature="" testduration="0" testsuccess="0"/>
        <line num="419" type="stmt" complexity="0" count="1" falsecount="0" truecount="0" signature="" testduration="0" testsuccess="0"/>
        <line num="422" type="stmt" complexity="0" count="1" falsecount="0" truecount="0" signature="" testduration="0" testsuccess="0"/>
        <line num="433" type="stmt" complexity="0" count="0" falsecount="0" truecount="0" signature="" testduration="0" testsuccess="0"/>
        <line num="434" type="stmt" complexity="0" count="0" falsecount="0" truecount="0" signature="" testduration="0" testsuccess="0"/>
        <line num="435" type="stmt" complexity="0" count="0" falsecount="0" truecount="0" signature="" testduration="0" testsuccess="0"/>
        <line num="437" type="stmt" complexity="0" count="0" falsecount="0" truecount="0" signature="" testduration="0" testsuccess="0"/>
        <line num="438" type="stmt" complexity="0" count="0" falsecount="0" truecount="0" signature="" testduration="0" testsuccess="0"/>
        <line num="439" type="stmt" complexity="0" count="0" falsecount="0" truecount="0" signature="" testduration="0" testsuccess="0"/>
        <line num="440" type="stmt" complexity="0" count="0" falsecount="0" truecount="0" signature="" testduration="0" testsuccess="0"/>
        <line num="443" type="stmt" complexity="0" count="0" falsecount="0" truecount="0" signature="" testduration="0" testsuccess="0"/>
        <line num="458" type="stmt" complexity="0" count="0" falsecount="0" truecount="0" signature="" testduration="0" testsuccess="0"/>
        <line num="459" type="stmt" complexity="0" count="0" falsecount="0" truecount="0" signature="" testduration="0" testsuccess="0"/>
        <line num="460" type="stmt" complexity="0" count="0" falsecount="0" truecount="0" signature="" testduration="0" testsuccess="0"/>
        <line num="461" type="stmt" complexity="0" count="0" falsecount="0" truecount="0" signature="" testduration="0" testsuccess="0"/>
        <line num="462" type="stmt" complexity="0" count="0" falsecount="0" truecount="0" signature="" testduration="0" testsuccess="0"/>
        <line num="464" type="stmt" complexity="0" count="0" falsecount="0" truecount="0" signature="" testduration="0" testsuccess="0"/>
        <line num="466" type="stmt" complexity="0" count="0" falsecount="0" truecount="0" signature="" testduration="0" testsuccess="0"/>
        <line num="467" type="stmt" complexity="0" count="0" falsecount="0" truecount="0" signature="" testduration="0" testsuccess="0"/>
        <line num="468" type="stmt" complexity="0" count="0" falsecount="0" truecount="0" signature="" testduration="0" testsuccess="0"/>
        <line num="469" type="stmt" complexity="0" count="0" falsecount="0" truecount="0" signature="" testduration="0" testsuccess="0"/>
        <line num="472" type="stmt" complexity="0" count="0" falsecount="0" truecount="0" signature="" testduration="0" testsuccess="0"/>
        <line num="483" type="stmt" complexity="0" count="0" falsecount="0" truecount="0" signature="" testduration="0" testsuccess="0"/>
        <line num="484" type="stmt" complexity="0" count="0" falsecount="0" truecount="0" signature="" testduration="0" testsuccess="0"/>
        <line num="485" type="stmt" complexity="0" count="0" falsecount="0" truecount="0" signature="" testduration="0" testsuccess="0"/>
        <line num="487" type="stmt" complexity="0" count="0" falsecount="0" truecount="0" signature="" testduration="0" testsuccess="0"/>
        <line num="488" type="stmt" complexity="0" count="0" falsecount="0" truecount="0" signature="" testduration="0" testsuccess="0"/>
        <line num="489" type="stmt" complexity="0" count="0" falsecount="0" truecount="0" signature="" testduration="0" testsuccess="0"/>
        <line num="490" type="stmt" complexity="0" count="0" falsecount="0" truecount="0" signature="" testduration="0" testsuccess="0"/>
        <line num="493" type="stmt" complexity="0" count="0" falsecount="0" truecount="0" signature="" testduration="0" testsuccess="0"/>
        <line num="506" type="stmt" complexity="0" count="0" falsecount="0" truecount="0" signature="" testduration="0" testsuccess="0"/>
        <line num="507" type="stmt" complexity="0" count="0" falsecount="0" truecount="0" signature="" testduration="0" testsuccess="0"/>
        <line num="511" type="stmt" complexity="0" count="0" falsecount="0" truecount="0" signature="" testduration="0" testsuccess="0"/>
        <line num="532" type="stmt" complexity="0" count="0" falsecount="0" truecount="0" signature="" testduration="0" testsuccess="0"/>
        <line num="533" type="stmt" complexity="0" count="0" falsecount="0" truecount="0" signature="" testduration="0" testsuccess="0"/>
        <line num="534" type="stmt" complexity="0" count="0" falsecount="0" truecount="0" signature="" testduration="0" testsuccess="0"/>
        <line num="535" type="stmt" complexity="0" count="0" falsecount="0" truecount="0" signature="" testduration="0" testsuccess="0"/>
        <line num="536" type="stmt" complexity="0" count="0" falsecount="0" truecount="0" signature="" testduration="0" testsuccess="0"/>
        <line num="537" type="stmt" complexity="0" count="0" falsecount="0" truecount="0" signature="" testduration="0" testsuccess="0"/>
        <line num="538" type="stmt" complexity="0" count="0" falsecount="0" truecount="0" signature="" testduration="0" testsuccess="0"/>
        <line num="539" type="stmt" complexity="0" count="0" falsecount="0" truecount="0" signature="" testduration="0" testsuccess="0"/>
        <line num="540" type="stmt" complexity="0" count="0" falsecount="0" truecount="0" signature="" testduration="0" testsuccess="0"/>
        <line num="541" type="stmt" complexity="0" count="0" falsecount="0" truecount="0" signature="" testduration="0" testsuccess="0"/>
        <line num="543" type="stmt" complexity="0" count="0" falsecount="0" truecount="0" signature="" testduration="0" testsuccess="0"/>
        <line num="545" type="stmt" complexity="0" count="0" falsecount="0" truecount="0" signature="" testduration="0" testsuccess="0"/>
        <line num="546" type="stmt" complexity="0" count="0" falsecount="0" truecount="0" signature="" testduration="0" testsuccess="0"/>
        <line num="547" type="stmt" complexity="0" count="0" falsecount="0" truecount="0" signature="" testduration="0" testsuccess="0"/>
        <line num="548" type="stmt" complexity="0" count="0" falsecount="0" truecount="0" signature="" testduration="0" testsuccess="0"/>
        <line num="550" type="stmt" complexity="0" count="0" falsecount="0" truecount="0" signature="" testduration="0" testsuccess="0"/>
        <line num="552" type="stmt" complexity="0" count="0" falsecount="0" truecount="0" signature="" testduration="0" testsuccess="0"/>
        <line num="553" type="stmt" complexity="0" count="0" falsecount="0" truecount="0" signature="" testduration="0" testsuccess="0"/>
        <line num="573" type="stmt" complexity="0" count="0" falsecount="0" truecount="0" signature="" testduration="0" testsuccess="0"/>
        <line num="574" type="stmt" complexity="0" count="0" falsecount="0" truecount="0" signature="" testduration="0" testsuccess="0"/>
        <line num="575" type="stmt" complexity="0" count="0" falsecount="0" truecount="0" signature="" testduration="0" testsuccess="0"/>
        <line num="576" type="stmt" complexity="0" count="0" falsecount="0" truecount="0" signature="" testduration="0" testsuccess="0"/>
        <line num="590" type="stmt" complexity="0" count="0" falsecount="0" truecount="0" signature="" testduration="0" testsuccess="0"/>
        <line num="591" type="stmt" complexity="0" count="0" falsecount="0" truecount="0" signature="" testduration="0" testsuccess="0"/>
        <line num="594" type="stmt" complexity="0" count="0" falsecount="0" truecount="0" signature="" testduration="0" testsuccess="0"/>
        <line num="595" type="stmt" complexity="0" count="0" falsecount="0" truecount="0" signature="" testduration="0" testsuccess="0"/>
        <line num="598" type="stmt" complexity="0" count="0" falsecount="0" truecount="0" signature="" testduration="0" testsuccess="0"/>
        <line num="599" type="stmt" complexity="0" count="0" falsecount="0" truecount="0" signature="" testduration="0" testsuccess="0"/>
        <line num="600" type="stmt" complexity="0" count="0" falsecount="0" truecount="0" signature="" testduration="0" testsuccess="0"/>
        <line num="605" type="stmt" complexity="0" count="0" falsecount="0" truecount="0" signature="" testduration="0" testsuccess="0"/>
        <line num="606" type="stmt" complexity="0" count="0" falsecount="0" truecount="0" signature="" testduration="0" testsuccess="0"/>
        <line num="607" type="stmt" complexity="0" count="0" falsecount="0" truecount="0" signature="" testduration="0" testsuccess="0"/>
        <line num="608" type="stmt" complexity="0" count="0" falsecount="0" truecount="0" signature="" testduration="0" testsuccess="0"/>
        <line num="609" type="stmt" complexity="0" count="0" falsecount="0" truecount="0" signature="" testduration="0" testsuccess="0"/>
        <line num="611" type="stmt" complexity="0" count="0" falsecount="0" truecount="0" signature="" testduration="0" testsuccess="0"/>
        <line num="613" type="stmt" complexity="0" count="0" falsecount="0" truecount="0" signature="" testduration="0" testsuccess="0"/>
        <line num="615" type="stmt" complexity="0" count="0" falsecount="0" truecount="0" signature="" testduration="0" testsuccess="0"/>
        <line num="616" type="stmt" complexity="0" count="0" falsecount="0" truecount="0" signature="" testduration="0" testsuccess="0"/>
        <line num="617" type="stmt" complexity="0" count="0" falsecount="0" truecount="0" signature="" testduration="0" testsuccess="0"/>
        <line num="631" type="stmt" complexity="0" count="0" falsecount="0" truecount="0" signature="" testduration="0" testsuccess="0"/>
        <line num="632" type="stmt" complexity="0" count="0" falsecount="0" truecount="0" signature="" testduration="0" testsuccess="0"/>
        <line num="635" type="stmt" complexity="0" count="0" falsecount="0" truecount="0" signature="" testduration="0" testsuccess="0"/>
        <line num="636" type="stmt" complexity="0" count="0" falsecount="0" truecount="0" signature="" testduration="0" testsuccess="0"/>
        <line num="637" type="stmt" complexity="0" count="0" falsecount="0" truecount="0" signature="" testduration="0" testsuccess="0"/>
        <line num="639" type="stmt" complexity="0" count="0" falsecount="0" truecount="0" signature="" testduration="0" testsuccess="0"/>
        <line num="641" type="stmt" complexity="0" count="0" falsecount="0" truecount="0" signature="" testduration="0" testsuccess="0"/>
        <line num="642" type="stmt" complexity="0" count="0" falsecount="0" truecount="0" signature="" testduration="0" testsuccess="0"/>
        <line num="643" type="stmt" complexity="0" count="0" falsecount="0" truecount="0" signature="" testduration="0" testsuccess="0"/>
        <line num="644" type="stmt" complexity="0" count="0" falsecount="0" truecount="0" signature="" testduration="0" testsuccess="0"/>
        <line num="645" type="stmt" complexity="0" count="0" falsecount="0" truecount="0" signature="" testduration="0" testsuccess="0"/>
        <line num="646" type="stmt" complexity="0" count="0" falsecount="0" truecount="0" signature="" testduration="0" testsuccess="0"/>
        <line num="647" type="stmt" complexity="0" count="0" falsecount="0" truecount="0" signature="" testduration="0" testsuccess="0"/>
        <line num="648" type="stmt" complexity="0" count="0" falsecount="0" truecount="0" signature="" testduration="0" testsuccess="0"/>
        <line num="649" type="stmt" complexity="0" count="0" falsecount="0" truecount="0" signature="" testduration="0" testsuccess="0"/>
        <line num="650" type="stmt" complexity="0" count="0" falsecount="0" truecount="0" signature="" testduration="0" testsuccess="0"/>
        <line num="652" type="stmt" complexity="0" count="0" falsecount="0" truecount="0" signature="" testduration="0" testsuccess="0"/>
        <line num="653" type="stmt" complexity="0" count="0" falsecount="0" truecount="0" signature="" testduration="0" testsuccess="0"/>
        <line num="654" type="stmt" complexity="0" count="0" falsecount="0" truecount="0" signature="" testduration="0" testsuccess="0"/>
        <line num="656" type="stmt" complexity="0" count="0" falsecount="0" truecount="0" signature="" testduration="0" testsuccess="0"/>
        <line num="674" type="stmt" complexity="0" count="0" falsecount="0" truecount="0" signature="" testduration="0" testsuccess="0"/>
        <line num="675" type="stmt" complexity="0" count="0" falsecount="0" truecount="0" signature="" testduration="0" testsuccess="0"/>
        <line num="678" type="stmt" complexity="0" count="0" falsecount="0" truecount="0" signature="" testduration="0" testsuccess="0"/>
        <line num="679" type="stmt" complexity="0" count="0" falsecount="0" truecount="0" signature="" testduration="0" testsuccess="0"/>
        <line num="680" type="stmt" complexity="0" count="0" falsecount="0" truecount="0" signature="" testduration="0" testsuccess="0"/>
        <line num="682" type="stmt" complexity="0" count="0" falsecount="0" truecount="0" signature="" testduration="0" testsuccess="0"/>
        <line num="683" type="stmt" complexity="0" count="0" falsecount="0" truecount="0" signature="" testduration="0" testsuccess="0"/>
        <line num="685" type="stmt" complexity="0" count="0" falsecount="0" truecount="0" signature="" testduration="0" testsuccess="0"/>
        <line num="688" type="stmt" complexity="0" count="0" falsecount="0" truecount="0" signature="" testduration="0" testsuccess="0"/>
        <line num="689" type="stmt" complexity="0" count="0" falsecount="0" truecount="0" signature="" testduration="0" testsuccess="0"/>
        <line num="690" type="stmt" complexity="0" count="0" falsecount="0" truecount="0" signature="" testduration="0" testsuccess="0"/>
        <line num="691" type="stmt" complexity="0" count="0" falsecount="0" truecount="0" signature="" testduration="0" testsuccess="0"/>
        <line num="692" type="stmt" complexity="0" count="0" falsecount="0" truecount="0" signature="" testduration="0" testsuccess="0"/>
        <line num="693" type="stmt" complexity="0" count="0" falsecount="0" truecount="0" signature="" testduration="0" testsuccess="0"/>
        <line num="694" type="stmt" complexity="0" count="0" falsecount="0" truecount="0" signature="" testduration="0" testsuccess="0"/>
        <line num="695" type="stmt" complexity="0" count="0" falsecount="0" truecount="0" signature="" testduration="0" testsuccess="0"/>
        <line num="696" type="stmt" complexity="0" count="0" falsecount="0" truecount="0" signature="" testduration="0" testsuccess="0"/>
        <line num="698" type="stmt" complexity="0" count="0" falsecount="0" truecount="0" signature="" testduration="0" testsuccess="0"/>
        <line num="699" type="stmt" complexity="0" count="0" falsecount="0" truecount="0" signature="" testduration="0" testsuccess="0"/>
        <line num="700" type="stmt" complexity="0" count="0" falsecount="0" truecount="0" signature="" testduration="0" testsuccess="0"/>
        <line num="701" type="stmt" complexity="0" count="0" falsecount="0" truecount="0" signature="" testduration="0" testsuccess="0"/>
        <line num="702" type="stmt" complexity="0" count="0" falsecount="0" truecount="0" signature="" testduration="0" testsuccess="0"/>
        <line num="703" type="stmt" complexity="0" count="0" falsecount="0" truecount="0" signature="" testduration="0" testsuccess="0"/>
        <line num="704" type="stmt" complexity="0" count="0" falsecount="0" truecount="0" signature="" testduration="0" testsuccess="0"/>
        <line num="705" type="stmt" complexity="0" count="0" falsecount="0" truecount="0" signature="" testduration="0" testsuccess="0"/>
        <line num="707" type="stmt" complexity="0" count="0" falsecount="0" truecount="0" signature="" testduration="0" testsuccess="0"/>
        <line num="708" type="stmt" complexity="0" count="0" falsecount="0" truecount="0" signature="" testduration="0" testsuccess="0"/>
        <line num="709" type="stmt" complexity="0" count="0" falsecount="0" truecount="0" signature="" testduration="0" testsuccess="0"/>
        <line num="711" type="stmt" complexity="0" count="0" falsecount="0" truecount="0" signature="" testduration="0" testsuccess="0"/>
        <line num="712" type="stmt" complexity="0" count="0" falsecount="0" truecount="0" signature="" testduration="0" testsuccess="0"/>
        <line num="713" type="stmt" complexity="0" count="0" falsecount="0" truecount="0" signature="" testduration="0" testsuccess="0"/>
        <line num="714" type="stmt" complexity="0" count="0" falsecount="0" truecount="0" signature="" testduration="0" testsuccess="0"/>
        <line num="715" type="stmt" complexity="0" count="0" falsecount="0" truecount="0" signature="" testduration="0" testsuccess="0"/>
        <line num="716" type="stmt" complexity="0" count="0" falsecount="0" truecount="0" signature="" testduration="0" testsuccess="0"/>
        <line num="718" type="stmt" complexity="0" count="0" falsecount="0" truecount="0" signature="" testduration="0" testsuccess="0"/>
        <line num="719" type="stmt" complexity="0" count="0" falsecount="0" truecount="0" signature="" testduration="0" testsuccess="0"/>
        <line num="720" type="stmt" complexity="0" count="0" falsecount="0" truecount="0" signature="" testduration="0" testsuccess="0"/>
        <line num="721" type="stmt" complexity="0" count="0" falsecount="0" truecount="0" signature="" testduration="0" testsuccess="0"/>
        <line num="723" type="stmt" complexity="0" count="0" falsecount="0" truecount="0" signature="" testduration="0" testsuccess="0"/>
        <line num="725" type="stmt" complexity="0" count="0" falsecount="0" truecount="0" signature="" testduration="0" testsuccess="0"/>
        <line num="726" type="stmt" complexity="0" count="0" falsecount="0" truecount="0" signature="" testduration="0" testsuccess="0"/>
        <line num="727" type="stmt" complexity="0" count="0" falsecount="0" truecount="0" signature="" testduration="0" testsuccess="0"/>
        <line num="728" type="stmt" complexity="0" count="0" falsecount="0" truecount="0" signature="" testduration="0" testsuccess="0"/>
        <line num="745" type="stmt" complexity="0" count="0" falsecount="0" truecount="0" signature="" testduration="0" testsuccess="0"/>
        <line num="746" type="stmt" complexity="0" count="0" falsecount="0" truecount="0" signature="" testduration="0" testsuccess="0"/>
        <line num="747" type="stmt" complexity="0" count="0" falsecount="0" truecount="0" signature="" testduration="0" testsuccess="0"/>
        <line num="754" type="stmt" complexity="0" count="0" falsecount="0" truecount="0" signature="" testduration="0" testsuccess="0"/>
        <line num="755" type="stmt" complexity="0" count="0" falsecount="0" truecount="0" signature="" testduration="0" testsuccess="0"/>
        <line num="756" type="stmt" complexity="0" count="0" falsecount="0" truecount="0" signature="" testduration="0" testsuccess="0"/>
        <line num="757" type="stmt" complexity="0" count="0" falsecount="0" truecount="0" signature="" testduration="0" testsuccess="0"/>
        <line num="758" type="stmt" complexity="0" count="0" falsecount="0" truecount="0" signature="" testduration="0" testsuccess="0"/>
        <line num="759" type="stmt" complexity="0" count="0" falsecount="0" truecount="0" signature="" testduration="0" testsuccess="0"/>
        <line num="761" type="stmt" complexity="0" count="0" falsecount="0" truecount="0" signature="" testduration="0" testsuccess="0"/>
        <line num="763" type="stmt" complexity="0" count="0" falsecount="0" truecount="0" signature="" testduration="0" testsuccess="0"/>
        <line num="764" type="stmt" complexity="0" count="0" falsecount="0" truecount="0" signature="" testduration="0" testsuccess="0"/>
        <line num="765" type="stmt" complexity="0" count="0" falsecount="0" truecount="0" signature="" testduration="0" testsuccess="0"/>
        <line num="766" type="stmt" complexity="0" count="0" falsecount="0" truecount="0" signature="" testduration="0" testsuccess="0"/>
        <line num="768" type="stmt" complexity="0" count="0" falsecount="0" truecount="0" signature="" testduration="0" testsuccess="0"/>
        <line num="769" type="stmt" complexity="0" count="0" falsecount="0" truecount="0" signature="" testduration="0" testsuccess="0"/>
        <line num="770" type="stmt" complexity="0" count="0" falsecount="0" truecount="0" signature="" testduration="0" testsuccess="0"/>
        <line num="772" type="stmt" complexity="0" count="0" falsecount="0" truecount="0" signature="" testduration="0" testsuccess="0"/>
        <line num="774" type="stmt" complexity="0" count="0" falsecount="0" truecount="0" signature="" testduration="0" testsuccess="0"/>
        <line num="776" type="stmt" complexity="0" count="0" falsecount="0" truecount="0" signature="" testduration="0" testsuccess="0"/>
        <line num="789" type="stmt" complexity="0" count="0" falsecount="0" truecount="0" signature="" testduration="0" testsuccess="0"/>
        <line num="790" type="stmt" complexity="0" count="0" falsecount="0" truecount="0" signature="" testduration="0" testsuccess="0"/>
        <line num="792" type="stmt" complexity="0" count="0" falsecount="0" truecount="0" signature="" testduration="0" testsuccess="0"/>
        <line num="793" type="stmt" complexity="0" count="0" falsecount="0" truecount="0" signature="" testduration="0" testsuccess="0"/>
        <line num="794" type="stmt" complexity="0" count="0" falsecount="0" truecount="0" signature="" testduration="0" testsuccess="0"/>
        <line num="796" type="stmt" complexity="0" count="0" falsecount="0" truecount="0" signature="" testduration="0" testsuccess="0"/>
        <line num="798" type="stmt" complexity="0" count="0" falsecount="0" truecount="0" signature="" testduration="0" testsuccess="0"/>
        <line num="799" type="stmt" complexity="0" count="0" falsecount="0" truecount="0" signature="" testduration="0" testsuccess="0"/>
        <line num="800" type="stmt" complexity="0" count="0" falsecount="0" truecount="0" signature="" testduration="0" testsuccess="0"/>
        <line num="801" type="stmt" complexity="0" count="0" falsecount="0" truecount="0" signature="" testduration="0" testsuccess="0"/>
        <line num="802" type="stmt" complexity="0" count="0" falsecount="0" truecount="0" signature="" testduration="0" testsuccess="0"/>
        <line num="804" type="stmt" complexity="0" count="0" falsecount="0" truecount="0" signature="" testduration="0" testsuccess="0"/>
        <line num="808" type="stmt" complexity="0" count="0" falsecount="0" truecount="0" signature="" testduration="0" testsuccess="0"/>
        <line num="809" type="stmt" complexity="0" count="0" falsecount="0" truecount="0" signature="" testduration="0" testsuccess="0"/>
        <line num="810" type="stmt" complexity="0" count="0" falsecount="0" truecount="0" signature="" testduration="0" testsuccess="0"/>
        <line num="811" type="stmt" complexity="0" count="0" falsecount="0" truecount="0" signature="" testduration="0" testsuccess="0"/>
        <line num="812" type="stmt" complexity="0" count="0" falsecount="0" truecount="0" signature="" testduration="0" testsuccess="0"/>
        <line num="813" type="stmt" complexity="0" count="0" falsecount="0" truecount="0" signature="" testduration="0" testsuccess="0"/>
        <line num="814" type="stmt" complexity="0" count="0" falsecount="0" truecount="0" signature="" testduration="0" testsuccess="0"/>
        <line num="815" type="stmt" complexity="0" count="0" falsecount="0" truecount="0" signature="" testduration="0" testsuccess="0"/>
        <line num="816" type="stmt" complexity="0" count="0" falsecount="0" truecount="0" signature="" testduration="0" testsuccess="0"/>
        <line num="817" type="stmt" complexity="0" count="0" falsecount="0" truecount="0" signature="" testduration="0" testsuccess="0"/>
        <line num="818" type="stmt" complexity="0" count="0" falsecount="0" truecount="0" signature="" testduration="0" testsuccess="0"/>
        <line num="819" type="stmt" complexity="0" count="0" falsecount="0" truecount="0" signature="" testduration="0" testsuccess="0"/>
        <line num="820" type="stmt" complexity="0" count="0" falsecount="0" truecount="0" signature="" testduration="0" testsuccess="0"/>
        <line num="821" type="stmt" complexity="0" count="0" falsecount="0" truecount="0" signature="" testduration="0" testsuccess="0"/>
        <line num="822" type="stmt" complexity="0" count="0" falsecount="0" truecount="0" signature="" testduration="0" testsuccess="0"/>
        <line num="823" type="stmt" complexity="0" count="0" falsecount="0" truecount="0" signature="" testduration="0" testsuccess="0"/>
        <line num="824" type="stmt" complexity="0" count="0" falsecount="0" truecount="0" signature="" testduration="0" testsuccess="0"/>
        <line num="825" type="stmt" complexity="0" count="0" falsecount="0" truecount="0" signature="" testduration="0" testsuccess="0"/>
        <line num="826" type="stmt" complexity="0" count="0" falsecount="0" truecount="0" signature="" testduration="0" testsuccess="0"/>
        <line num="827" type="stmt" complexity="0" count="0" falsecount="0" truecount="0" signature="" testduration="0" testsuccess="0"/>
        <line num="828" type="stmt" complexity="0" count="0" falsecount="0" truecount="0" signature="" testduration="0" testsuccess="0"/>
        <line num="829" type="stmt" complexity="0" count="0" falsecount="0" truecount="0" signature="" testduration="0" testsuccess="0"/>
        <line num="830" type="stmt" complexity="0" count="0" falsecount="0" truecount="0" signature="" testduration="0" testsuccess="0"/>
        <line num="831" type="stmt" complexity="0" count="0" falsecount="0" truecount="0" signature="" testduration="0" testsuccess="0"/>
        <line num="832" type="stmt" complexity="0" count="0" falsecount="0" truecount="0" signature="" testduration="0" testsuccess="0"/>
        <line num="833" type="stmt" complexity="0" count="0" falsecount="0" truecount="0" signature="" testduration="0" testsuccess="0"/>
        <line num="834" type="stmt" complexity="0" count="0" falsecount="0" truecount="0" signature="" testduration="0" testsuccess="0"/>
        <line num="836" type="stmt" complexity="0" count="0" falsecount="0" truecount="0" signature="" testduration="0" testsuccess="0"/>
        <line num="837" type="stmt" complexity="0" count="0" falsecount="0" truecount="0" signature="" testduration="0" testsuccess="0"/>
        <line num="838" type="stmt" complexity="0" count="0" falsecount="0" truecount="0" signature="" testduration="0" testsuccess="0"/>
        <line num="839" type="stmt" complexity="0" count="0" falsecount="0" truecount="0" signature="" testduration="0" testsuccess="0"/>
        <line num="840" type="stmt" complexity="0" count="0" falsecount="0" truecount="0" signature="" testduration="0" testsuccess="0"/>
        <line num="843" type="stmt" complexity="0" count="0" falsecount="0" truecount="0" signature="" testduration="0" testsuccess="0"/>
        <line num="844" type="stmt" complexity="0" count="0" falsecount="0" truecount="0" signature="" testduration="0" testsuccess="0"/>
        <line num="846" type="stmt" complexity="0" count="0" falsecount="0" truecount="0" signature="" testduration="0" testsuccess="0"/>
        <line num="847" type="stmt" complexity="0" count="0" falsecount="0" truecount="0" signature="" testduration="0" testsuccess="0"/>
        <line num="848" type="stmt" complexity="0" count="0" falsecount="0" truecount="0" signature="" testduration="0" testsuccess="0"/>
        <line num="849" type="stmt" complexity="0" count="0" falsecount="0" truecount="0" signature="" testduration="0" testsuccess="0"/>
        <line num="850" type="stmt" complexity="0" count="0" falsecount="0" truecount="0" signature="" testduration="0" testsuccess="0"/>
        <line num="851" type="stmt" complexity="0" count="0" falsecount="0" truecount="0" signature="" testduration="0" testsuccess="0"/>
        <line num="852" type="stmt" complexity="0" count="0" falsecount="0" truecount="0" signature="" testduration="0" testsuccess="0"/>
        <line num="853" type="stmt" complexity="0" count="0" falsecount="0" truecount="0" signature="" testduration="0" testsuccess="0"/>
        <line num="854" type="stmt" complexity="0" count="0" falsecount="0" truecount="0" signature="" testduration="0" testsuccess="0"/>
        <line num="855" type="stmt" complexity="0" count="0" falsecount="0" truecount="0" signature="" testduration="0" testsuccess="0"/>
        <line num="856" type="stmt" complexity="0" count="0" falsecount="0" truecount="0" signature="" testduration="0" testsuccess="0"/>
        <line num="857" type="stmt" complexity="0" count="0" falsecount="0" truecount="0" signature="" testduration="0" testsuccess="0"/>
        <line num="858" type="stmt" complexity="0" count="0" falsecount="0" truecount="0" signature="" testduration="0" testsuccess="0"/>
        <line num="859" type="stmt" complexity="0" count="0" falsecount="0" truecount="0" signature="" testduration="0" testsuccess="0"/>
        <line num="860" type="stmt" complexity="0" count="0" falsecount="0" truecount="0" signature="" testduration="0" testsuccess="0"/>
        <line num="861" type="stmt" complexity="0" count="0" falsecount="0" truecount="0" signature="" testduration="0" testsuccess="0"/>
        <line num="862" type="stmt" complexity="0" count="0" falsecount="0" truecount="0" signature="" testduration="0" testsuccess="0"/>
        <line num="863" type="stmt" complexity="0" count="0" falsecount="0" truecount="0" signature="" testduration="0" testsuccess="0"/>
        <line num="864" type="stmt" complexity="0" count="0" falsecount="0" truecount="0" signature="" testduration="0" testsuccess="0"/>
        <line num="865" type="stmt" complexity="0" count="0" falsecount="0" truecount="0" signature="" testduration="0" testsuccess="0"/>
        <line num="866" type="stmt" complexity="0" count="0" falsecount="0" truecount="0" signature="" testduration="0" testsuccess="0"/>
        <line num="867" type="stmt" complexity="0" count="0" falsecount="0" truecount="0" signature="" testduration="0" testsuccess="0"/>
        <line num="868" type="stmt" complexity="0" count="0" falsecount="0" truecount="0" signature="" testduration="0" testsuccess="0"/>
        <line num="869" type="stmt" complexity="0" count="0" falsecount="0" truecount="0" signature="" testduration="0" testsuccess="0"/>
        <line num="870" type="stmt" complexity="0" count="0" falsecount="0" truecount="0" signature="" testduration="0" testsuccess="0"/>
        <line num="871" type="stmt" complexity="0" count="0" falsecount="0" truecount="0" signature="" testduration="0" testsuccess="0"/>
        <line num="872" type="stmt" complexity="0" count="0" falsecount="0" truecount="0" signature="" testduration="0" testsuccess="0"/>
        <line num="874" type="stmt" complexity="0" count="0" falsecount="0" truecount="0" signature="" testduration="0" testsuccess="0"/>
        <line num="875" type="stmt" complexity="0" count="0" falsecount="0" truecount="0" signature="" testduration="0" testsuccess="0"/>
        <line num="876" type="stmt" complexity="0" count="0" falsecount="0" truecount="0" signature="" testduration="0" testsuccess="0"/>
        <line num="877" type="stmt" complexity="0" count="0" falsecount="0" truecount="0" signature="" testduration="0" testsuccess="0"/>
        <line num="878" type="stmt" complexity="0" count="0" falsecount="0" truecount="0" signature="" testduration="0" testsuccess="0"/>
        <line num="881" type="stmt" complexity="0" count="0" falsecount="0" truecount="0" signature="" testduration="0" testsuccess="0"/>
        <line num="882" type="stmt" complexity="0" count="0" falsecount="0" truecount="0" signature="" testduration="0" testsuccess="0"/>
        <line num="893" type="stmt" complexity="0" count="0" falsecount="0" truecount="0" signature="" testduration="0" testsuccess="0"/>
        <line num="894" type="stmt" complexity="0" count="0" falsecount="0" truecount="0" signature="" testduration="0" testsuccess="0"/>
        <line num="895" type="stmt" complexity="0" count="0" falsecount="0" truecount="0" signature="" testduration="0" testsuccess="0"/>
        <line num="896" type="stmt" complexity="0" count="0" falsecount="0" truecount="0" signature="" testduration="0" testsuccess="0"/>
        <line num="913" type="stmt" complexity="0" count="0" falsecount="0" truecount="0" signature="" testduration="0" testsuccess="0"/>
        <line num="929" type="stmt" complexity="0" count="0" falsecount="0" truecount="0" signature="" testduration="0" testsuccess="0"/>
        <line num="930" type="stmt" complexity="0" count="0" falsecount="0" truecount="0" signature="" testduration="0" testsuccess="0"/>
        <line num="931" type="stmt" complexity="0" count="0" falsecount="0" truecount="0" signature="" testduration="0" testsuccess="0"/>
[...]
        <line num="1400" type="stmt" complexity="0" count="0" falsecount="0" truecount="0" signature="" testduration="0" testsuccess="0"/>
        <line num="1401" type="stmt" complexity="0" count="0" falsecount="0" truecount="0" signature="" testduration="0" testsuccess="0"/>
        <line num="1402" type="stmt" complexity="0" count="0" falsecount="0" truecount="0" signature="" testduration="0" testsuccess="0"/>
        <line num="1403" type="stmt" complexity="0" count="0" falsecount="0" truecount="0" signature="" testduration="0" testsuccess="0"/>
        <line num="1404" type="stmt" complexity="0" count="0" falsecount="0" truecount="0" signature="" testduration="0" testsuccess="0"/>
        <line num="1417" type="stmt" complexity="0" count="0" falsecount="0" truecount="0" signature="" testduration="0" testsuccess="0"/>
        <line num="1418" type="stmt" complexity="0" count="0" falsecount="0" truecount="0" signature="" testduration="0" testsuccess="0"/>
        <line num="1419" type="stmt" complexity="0" count="0" falsecount="0" truecount="0" signature="" testduration="0" testsuccess="0"/>
        <line num="1420" type="stmt" complexity="0" count="0" falsecount="0" truecount="0" signature="" testduration="0" testsuccess="0"/>
        <line num="1421" type="stmt" complexity="0" count="0" falsecount="0" truecount="0" signature="" testduration="0" testsuccess="0"/>
        <line num="1423" type="stmt" complexity="0" count="0" falsecount="0" truecount="0" signature="" testduration="0" testsuccess="0"/>
        <line num="1424" type="stmt" complexity="0" count="0" falsecount="0" truecount="0" signature="" testduration="0" testsuccess="0"/>
        <line num="1426" type="stmt" complexity="0" count="0" falsecount="0" truecount="0" signature="" testduration="0" testsuccess="0"/>
        <line num="1427" type="stmt" complexity="0" count="0" falsecount="0" truecount="0" signature="" testduration="0" testsuccess="0"/>
        <line num="1436" type="stmt" complexity="0" count="0" falsecount="0" truecount="0" signature="" testduration="0" testsuccess="0"/>
        <line num="1446" type="stmt" complexity="0" count="0" falsecount="0" truecount="0" signature="" testduration="0" testsuccess="0"/>
        <line num="1458" type="stmt" complexity="0" count="0" falsecount="0" truecount="0" signature="" testduration="0" testsuccess="0"/>
        <line num="1460" type="stmt" complexity="0" count="0" falsecount="0" truecount="0" signature="" testduration="0" testsuccess="0"/>
        <line num="1472" type="stmt" complexity="0" count="0" falsecount="0" truecount="0" signature="" testduration="0" testsuccess="0"/>
        <line num="1473" type="stmt" complexity="0" count="0" falsecount="0" truecount="0" signature="" testduration="0" testsuccess="0"/>
        <line num="1474" type="stmt" complexity="0" count="0" falsecount="0" truecount="0" signature="" testduration="0" testsuccess="0"/>
        <line num="1476" type="stmt" complexity="0" count="0" falsecount="0" truecount="0" signature="" testduration="0" testsuccess="0"/>
        <line num="1486" type="stmt" complexity="0" count="0" falsecount="0" truecount="0" signature="" testduration="0" testsuccess="0"/>
        <line num="1500" type="stmt" complexity="0" count="0" falsecount="0" truecount="0" signature="" testduration="0" testsuccess="0"/>
        <line num="1501" type="stmt" complexity="0" count="0" falsecount="0" truecount="0" signature="" testduration="0" testsuccess="0"/>
        <line num="1502" type="stmt" complexity="0" count="0" falsecount="0" truecount="0" signature="" testduration="0" testsuccess="0"/>
        <line num="1505" type="stmt" complexity="0" count="0" falsecount="0" truecount="0" signature="" testduration="0" testsuccess="0"/>
        <line num="1506" type="stmt" complexity="0" count="0" falsecount="0" truecount="0" signature="" testduration="0" testsuccess="0"/>
        <line num="1507" type="stmt" complexity="0" count="0" falsecount="0" truecount="0" signature="" testduration="0" testsuccess="0"/>
        <line num="1508" type="stmt" complexity="0" count="0" falsecount="0" truecount="0" signature="" testduration="0" testsuccess="0"/>
        <line num="1512" type="stmt" complexity="0" count="0" falsecount="0" truecount="0" signature="" testduration="0" testsuccess="0"/>
        <line num="1515" type="stmt" complexity="0" count="0" falsecount="0" truecount="0" signature="" testduration="0" testsuccess="0"/>
        <line num="1518" type="stmt" complexity="0" count="0" falsecount="0" truecount="0" signature="" testduration="0" testsuccess="0"/>
        <line num="1520" type="stmt" complexity="0" count="0" falsecount="0" truecount="0" signature="" testduration="0" testsuccess="0"/>
        <line num="1521" type="stmt" complexity="0" count="0" falsecount="0" truecount="0" signature="" testduration="0" testsuccess="0"/>
        <line num="1524" type="stmt" complexity="0" count="0" falsecount="0" truecount="0" signature="" testduration="0" testsuccess="0"/>
        <line num="1539" type="stmt" complexity="0" count="0" falsecount="0" truecount="0" signature="" testduration="0" testsuccess="0"/>
        <line num="1540" type="stmt" complexity="0" count="0" falsecount="0" truecount="0" signature="" testduration="0" testsuccess="0"/>
        <line num="1541" type="stmt" complexity="0" count="0" falsecount="0" truecount="0" signature="" testduration="0" testsuccess="0"/>
        <line num="1543" type="stmt" complexity="0" count="0" falsecount="0" truecount="0" signature="" testduration="0" testsuccess="0"/>
        <line num="1557" type="stmt" complexity="0" count="0" falsecount="0" truecount="0" signature="" testduration="0" testsuccess="0"/>
        <line num="1558" type="stmt" complexity="0" count="0" falsecount="0" truecount="0" signature="" testduration="0" testsuccess="0"/>
        <line num="1559" type="stmt" complexity="0" count="0" falsecount="0" truecount="0" signature="" testduration="0" testsuccess="0"/>
        <line num="1560" type="stmt" complexity="0" count="0" falsecount="0" truecount="0" signature="" testduration="0" testsuccess="0"/>
        <line num="1563" type="stmt" complexity="0" count="0" falsecount="0" truecount="0" signature="" testduration="0" testsuccess="0"/>
        <line num="1564" type="stmt" complexity="0" count="0" falsecount="0" truecount="0" signature="" testduration="0" testsuccess="0"/>
        <line num="1565" type="stmt" complexity="0" count="0" falsecount="0" truecount="0" signature="" testduration="0" testsuccess="0"/>
        <line num="1567" type="stmt" complexity="0" count="0" falsecount="0" truecount="0" signature="" testduration="0" testsuccess="0"/>
        <line num="1568" type="stmt" complexity="0" count="0" falsecount="0" truecount="0" signature="" testduration="0" testsuccess="0"/>
        <line num="1569" type="stmt" complexity="0" count="0" falsecount="0" truecount="0" signature="" testduration="0" testsuccess="0"/>
        <line num="1570" type="stmt" complexity="0" count="0" falsecount="0" truecount="0" signature="" testduration="0" testsuccess="0"/>
        <line num="1573" type="stmt" complexity="0" count="0" falsecount="0" truecount="0" signature="" testduration="0" testsuccess="0"/>
        <line num="1578" type="stmt" complexity="0" count="0" falsecount="0" truecount="0" signature="" testduration="0" testsuccess="0"/>
        <line num="1579" type="stmt" complexity="0" count="0" falsecount="0" truecount="0" signature="" testduration="0" testsuccess="0"/>
        <line num="1580" type="stmt" complexity="0" count="0" falsecount="0" truecount="0" signature="" testduration="0" testsuccess="0"/>
        <line num="1583" type="stmt" complexity="0" count="0" falsecount="0" truecount="0" signature="" testduration="0" testsuccess="0"/>
        <line num="1584" type="stmt" complexity="0" count="0" falsecount="0" truecount="0" signature="" testduration="0" testsuccess="0"/>
        <line num="1587" type="stmt" complexity="0" count="0" falsecount="0" truecount="0" signature="" testduration="0" testsuccess="0"/>
        <line num="1588" type="stmt" complexity="0" count="0" falsecount="0" truecount="0" signature="" testduration="0" testsuccess="0"/>
        <line num="1589" type="stmt" complexity="0" count="0" falsecount="0" truecount="0" signature="" testduration="0" testsuccess="0"/>
        <line num="1590" type="stmt" complexity="0" count="0" falsecount="0" truecount="0" signature="" testduration="0" testsuccess="0"/>
        <line num="1592" type="stmt" complexity="0" count="0" falsecount="0" truecount="0" signature="" testduration="0" testsuccess="0"/>
        <class name="BaseArticle">
          <metrics complexity="0" elements="567" coveredelements="14" conditionals="0" coveredconditionals="0" statements="567" coveredstatements="14" methods="58" coveredmethods="58" testduration="0" testfailures="0" testpasses="0" testruns="0"/>
        </class>
        <metrics complexity="0" elements="567" coveredelements="14" conditionals="0" coveredconditionals="0" statements="567" coveredstatements="14" methods="58" coveredmethods="2" testduration="0" testfailures="0" testpasses="0" testruns="0" classes="1" loc="567" ncloc="567"/>
      </file>
      <file name="BaseObject.php" path="/home/laurent/www/tests/sf2-propel-atoum/vendor/propel/propel1/runtime/lib/om/BaseObject.php">
        <line num="77" type="stmt" complexity="0" count="0" falsecount="0" truecount="0" signature="" testduration="0" testsuccess="0"/>
        <line num="89" type="stmt" complexity="0" count="0" falsecount="0" truecount="0" signature="" testduration="0" testsuccess="0"/>
        <line num="99" type="stmt" complexity="0" count="0" falsecount="0" truecount="0" signature="" testduration="0" testsuccess="0"/>
        <line num="111" type="stmt" complexity="0" count="0" falsecount="0" truecount="0" signature="" testduration="0" testsuccess="0"/>
        <line num="123" type="stmt" complexity="0" count="0" falsecount="0" truecount="0" signature="" testduration="0" testsuccess="0"/>
        <line num="125" type="stmt" complexity="0" count="0" falsecount="0" truecount="0" signature="" testduration="0" testsuccess="0"/>
        <line num="135" type="stmt" complexity="0" count="0" falsecount="0" truecount="0" signature="" testduration="0" testsuccess="0"/>
        <line num="147" type="stmt" complexity="0" count="0" falsecount="0" truecount="0" signature="" testduration="0" testsuccess="0"/>
        <line num="149" type="stmt" complexity="0" count="0" falsecount="0" truecount="0" signature="" testduration="0" testsuccess="0"/>
        <line num="161" type="stmt" complexity="0" count="0" falsecount="0" truecount="0" signature="" testduration="0" testsuccess="0"/>
        <line num="171" type="stmt" complexity="0" count="0" falsecount="0" truecount="0" signature="" testduration="0" testsuccess="0"/>
        <line num="182" type="stmt" complexity="0" count="0" falsecount="0" truecount="0" signature="" testduration="0" testsuccess="0"/>
        <line num="192" type="stmt" complexity="0" count="0" falsecount="0" truecount="0" signature="" testduration="0" testsuccess="0"/>
        <line num="203" type="stmt" complexity="0" count="0" falsecount="0" truecount="0" signature="" testduration="0" testsuccess="0"/>
        <line num="213" type="stmt" complexity="0" count="0" falsecount="0" truecount="0" signature="" testduration="0" testsuccess="0"/>
        <line num="224" type="stmt" complexity="0" count="0" falsecount="0" truecount="0" signature="" testduration="0" testsuccess="0"/>
        <line num="234" type="stmt" complexity="0" count="0" falsecount="0" truecount="0" signature="" testduration="0" testsuccess="0"/>
        <line num="243" type="stmt" complexity="0" count="0" falsecount="0" truecount="0" signature="" testduration="0" testsuccess="0"/>
        <line num="254" type="stmt" complexity="0" count="0" falsecount="0" truecount="0" signature="" testduration="0" testsuccess="0"/>
        <line num="255" type="stmt" complexity="0" count="0" falsecount="0" truecount="0" signature="" testduration="0" testsuccess="0"/>
        <line num="256" type="stmt" complexity="0" count="0" falsecount="0" truecount="0" signature="" testduration="0" testsuccess="0"/>
        <line num="257" type="stmt" complexity="0" count="0" falsecount="0" truecount="0" signature="" testduration="0" testsuccess="0"/>
        <line num="258" type="stmt" complexity="0" count="0" falsecount="0" truecount="0" signature="" testduration="0" testsuccess="0"/>
        <line num="259" type="stmt" complexity="0" count="0" falsecount="0" truecount="0" signature="" testduration="0" testsuccess="0"/>
        <line num="262" type="stmt" complexity="0" count="0" falsecount="0" truecount="0" signature="" testduration="0" testsuccess="0"/>
        <line num="276" type="stmt" complexity="0" count="0" falsecount="0" truecount="0" signature="" testduration="0" testsuccess="0"/>
        <line num="277" type="stmt" complexity="0" count="0" falsecount="0" truecount="0" signature="" testduration="0" testsuccess="0"/>
        <line num="278" type="stmt" complexity="0" count="0" falsecount="0" truecount="0" signature="" testduration="0" testsuccess="0"/>
        <line num="279" type="stmt" complexity="0" count="0" falsecount="0" truecount="0" signature="" testduration="0" testsuccess="0"/>
        <line num="280" type="stmt" complexity="0" count="0" falsecount="0" truecount="0" signature="" testduration="0" testsuccess="0"/>
        <line num="281" type="stmt" complexity="0" count="0" falsecount="0" truecount="0" signature="" testduration="0" testsuccess="0"/>
        <line num="283" type="stmt" complexity="0" count="0" falsecount="0" truecount="0" signature="" testduration="0" testsuccess="0"/>
        <line num="286" type="stmt" complexity="0" count="0" falsecount="0" truecount="0" signature="" testduration="0" testsuccess="0"/>
        <line num="298" type="stmt" complexity="0" count="0" falsecount="0" truecount="0" signature="" testduration="0" testsuccess="0"/>
        <line num="299" type="stmt" complexity="0" count="0" falsecount="0" truecount="0" signature="" testduration="0" testsuccess="0"/>
        <line num="302" type="stmt" complexity="0" count="0" falsecount="0" truecount="0" signature="" testduration="0" testsuccess="0"/>
        <line num="314" type="stmt" complexity="0" count="0" falsecount="0" truecount="0" signature="" testduration="0" testsuccess="0"/>
        <line num="324" type="stmt" complexity="0" count="0" falsecount="0" truecount="0" signature="" testduration="0" testsuccess="0"/>
        <line num="336" type="stmt" complexity="0" count="0" falsecount="0" truecount="0" signature="" testduration="0" testsuccess="0"/>
        <line num="337" type="stmt" complexity="0" count="0" falsecount="0" truecount="0" signature="" testduration="0" testsuccess="0"/>
        <line num="340" type="stmt" complexity="0" count="0" falsecount="0" truecount="0" signature="" testduration="0" testsuccess="0"/>
        <line num="353" type="stmt" complexity="0" count="0" falsecount="0" truecount="0" signature="" testduration="0" testsuccess="0"/>
        <line num="355" type="stmt" complexity="0" count="0" falsecount="0" truecount="0" signature="" testduration="0" testsuccess="0"/>
        <line num="368" type="stmt" complexity="0" count="0" falsecount="0" truecount="0" signature="" testduration="0" testsuccess="0"/>
        <line num="386" type="stmt" complexity="0" count="0" falsecount="0" truecount="0" signature="" testduration="0" testsuccess="0"/>
        <line num="387" type="stmt" complexity="0" count="0" falsecount="0" truecount="0" signature="" testduration="0" testsuccess="0"/>
        <line num="388" type="stmt" complexity="0" count="0" falsecount="0" truecount="0" signature="" testduration="0" testsuccess="0"/>
        <line num="390" type="stmt" complexity="0" count="0" falsecount="0" truecount="0" signature="" testduration="0" testsuccess="0"/>
        <line num="408" type="stmt" complexity="0" count="0" falsecount="0" truecount="0" signature="" testduration="0" testsuccess="0"/>
        <line num="409" type="stmt" complexity="0" count="0" falsecount="0" truecount="0" signature="" testduration="0" testsuccess="0"/>
        <line num="410" type="stmt" complexity="0" count="0" falsecount="0" truecount="0" signature="" testduration="0" testsuccess="0"/>
        <line num="412" type="stmt" complexity="0" count="0" falsecount="0" truecount="0" signature="" testduration="0" testsuccess="0"/>
        <line num="421" type="stmt" complexity="0" count="0" falsecount="0" truecount="0" signature="" testduration="0" testsuccess="0"/>
        <line num="423" type="stmt" complexity="0" count="0" falsecount="0" truecount="0" signature="" testduration="0" testsuccess="0"/>
        <line num="441" type="stmt" complexity="0" count="0" falsecount="0" truecount="0" signature="" testduration="0" testsuccess="0"/>
        <line num="442" type="stmt" complexity="0" count="0" falsecount="0" truecount="0" signature="" testduration="0" testsuccess="0"/>
        <line num="443" type="stmt" complexity="0" count="0" falsecount="0" truecount="0" signature="" testduration="0" testsuccess="0"/>
        <line num="444" type="stmt" complexity="0" count="0" falsecount="0" truecount="0" signature="" testduration="0" testsuccess="0"/>
        <line num="447" type="stmt" complexity="0" count="0" falsecount="0" truecount="0" signature="" testduration="0" testsuccess="0"/>
        <line num="448" type="stmt" complexity="0" count="0" falsecount="0" truecount="0" signature="" testduration="0" testsuccess="0"/>
        <line num="449" type="stmt" complexity="0" count="0" falsecount="0" truecount="0" signature="" testduration="0" testsuccess="0"/>
        <line num="451" type="stmt" complexity="0" count="0" falsecount="0" truecount="0" signature="" testduration="0" testsuccess="0"/>
        <line num="452" type="stmt" complexity="0" count="0" falsecount="0" truecount="0" signature="" testduration="0" testsuccess="0"/>
        <line num="453" type="stmt" complexity="0" count="0" falsecount="0" truecount="0" signature="" testduration="0" testsuccess="0"/>
        <line num="455" type="stmt" complexity="0" count="0" falsecount="0" truecount="0" signature="" testduration="0" testsuccess="0"/>
        <line num="456" type="stmt" complexity="0" count="0" falsecount="0" truecount="0" signature="" testduration="0" testsuccess="0"/>
        <line num="458" type="stmt" complexity="0" count="0" falsecount="0" truecount="0" signature="" testduration="0" testsuccess="0"/>
        <line num="460" type="stmt" complexity="0" count="0" falsecount="0" truecount="0" signature="" testduration="0" testsuccess="0"/>
        <class name="BaseObject">
          <metrics complexity="0" elements="68" coveredelements="0" conditionals="0" coveredconditionals="0" statements="68" coveredstatements="0" methods="28" coveredmethods="28" testduration="0" testfailures="0" testpasses="0" testruns="0"/>
        </class>
        <metrics complexity="0" elements="68" coveredelements="0" conditionals="0" coveredconditionals="0" statements="68" coveredstatements="0" methods="28" coveredmethods="0" testduration="0" testfailures="0" testpasses="0" testruns="0" classes="1" loc="68" ncloc="68"/>
      </file>
      <metrics complexity="0" elements="844" coveredelements="42" conditionals="0" coveredconditionals="0" statements="844" coveredstatements="42" methods="127" coveredmethods="6" testduration="0" testfailures="0" testpasses="0" testruns="0" classes="10" loc="844" ncloc="844" files="10"/>
    </package>
    <metrics complexity="0" elements="844" coveredelements="42" conditionals="0" coveredconditionals="0" statements="844" coveredstatements="42" methods="127" coveredmethods="6" testduration="0" testfailures="0" testpasses="0" testruns="0" classes="10" loc="844" ncloc="844" files="10" packages="1"/>
  </project>
</coverage>
